[2024-11-24 18:44:42] request.INFO: Matched route "api_translation_value_reset". {"route":"api_translation_value_reset","route_parameters":{"_controller":"prestashop.core.api.translation.controller:translationResetAction","_legacy_controller":"AdminTranslations","_route":"api_translation_value_reset"},"request_uri":"http://localhost:8080/admin123/index.php/api/translations/reset?_token=ZI0ds2Io3ricmydVI_En02rNQATK9yPs_TnqwfzbWQk","method":"POST"} []
[2024-11-24 18:44:42] security.DEBUG: Read existing security token from the session. {"key":"_security_main","token_class":"Symfony\\Component\\Security\\Core\\Authentication\\Token\\UsernamePasswordToken"} []
[2024-11-24 18:44:42] security.DEBUG: User was reloaded from a user provider. {"provider":"PrestaShopBundle\\Security\\Admin\\EmployeeProvider","username":"admin@prestashop.com"} []
[2024-11-24 18:44:42] app.ERROR: EntityManager#remove() expects parameter 1 to be an entity object, NULL given. [] []
[2024-11-24 18:44:42] cache.WARNING: Failed to clear the cache {"exception":"[object] (UnexpectedValueException(code: 0): RecursiveDirectoryIterator::__construct(/var/www/html/var/cache/prod/pools/oF4uGKF1Zr/): failed to open dir: No such file or directory at /var/www/html/vendor/symfony/symfony/src/Symfony/Component/Cache/Traits/FilesystemCommonTrait.php:58)"} []
[2024-11-24 18:44:42] cache.WARNING: Failed to clear the cache {"exception":"[object] (UnexpectedValueException(code: 0): RecursiveDirectoryIterator::__construct(/var/www/html/var/cache/prod/pools/k0V7XpDK96/): failed to open dir: No such file or directory at /var/www/html/vendor/symfony/symfony/src/Symfony/Component/Cache/Traits/FilesystemCommonTrait.php:58)"} []
[2024-11-24 18:44:42] cache.WARNING: Failed to clear the cache {"exception":"[object] (UnexpectedValueException(code: 0): RecursiveDirectoryIterator::__construct(/var/www/html/var/cache/prod/pools/+si9XZUmcI/): failed to open dir: No such file or directory at /var/www/html/vendor/symfony/symfony/src/Symfony/Component/Cache/Traits/FilesystemCommonTrait.php:58)"} []
[2024-11-24 18:44:42] cache.WARNING: Failed to clear the cache {"exception":"[object] (UnexpectedValueException(code: 0): RecursiveDirectoryIterator::__construct(/var/www/html/var/cache/prod/pools/o2NSV3WKIW/): failed to open dir: No such file or directory at /var/www/html/vendor/symfony/symfony/src/Symfony/Component/Cache/Traits/FilesystemCommonTrait.php:58)"} []
[2024-11-24 18:44:42] security.DEBUG: Stored the security token in the session. {"key":"_security_main"} []
[2024-11-24 18:46:25] request.INFO: Matched route "admin_international_translations_modify". {"route":"admin_international_translations_modify","route_parameters":{"_controller":"PrestaShopBundle\\Controller\\Admin\\TranslationsController::modifyTranslationsAction","_legacy_controller":"AdminTranslations","_route":"admin_international_translations_modify"},"request_uri":"http://localhost:8080/admin123/index.php/improve/international/translations/modify?form%5B_token%5D=ZKlGmbiMpzWwkm9CCCs-kTtoHGIkXWpc6ekkwyAj194&form%5Blanguage%5D=pl&form%5Btranslation_type%5D=modules","method":"GET"} []
[2024-11-24 18:46:25] security.DEBUG: Read existing security token from the session. {"key":"_security_main","token_class":"Symfony\\Component\\Security\\Core\\Authentication\\Token\\UsernamePasswordToken"} []
[2024-11-24 18:46:25] security.DEBUG: User was reloaded from a user provider. {"provider":"PrestaShopBundle\\Security\\Admin\\EmployeeProvider","username":"admin@prestashop.com"} []
[2024-11-24 18:46:25] request.CRITICAL: Uncaught PHP Exception Symfony\Component\Debug\Exception\FatalThrowableError: "Type error: Argument 1 passed to Doctrine\Common\Cache\CacheProvider::getNamespacedId() must be of the type string, null given, called in /var/www/html/vendor/doctrine/cache/lib/Doctrine/Common/Cache/CacheProvider.php on line 107" at /var/www/html/vendor/doctrine/cache/lib/Doctrine/Common/Cache/CacheProvider.php line 174 {"exception":"[object] (Symfony\\Component\\Debug\\Exception\\FatalThrowableError(code: 0): Type error: Argument 1 passed to Doctrine\\Common\\Cache\\CacheProvider::getNamespacedId() must be of the type string, null given, called in /var/www/html/vendor/doctrine/cache/lib/Doctrine/Common/Cache/CacheProvider.php on line 107 at /var/www/html/vendor/doctrine/cache/lib/Doctrine/Common/Cache/CacheProvider.php:174)"} []
[2024-11-24 18:46:25] security.DEBUG: Stored the security token in the session. {"key":"_security_main"} []
[2024-11-24 18:49:36] request.INFO: Matched route "api_translation_value_edit". {"route":"api_translation_value_edit","route_parameters":{"_controller":"prestashop.core.api.translation.controller:translationEditAction","_legacy_controller":"AdminTranslations","_route":"api_translation_value_edit"},"request_uri":"http://localhost:8080/admin123/index.php/api/translations/edit?_token=ZI0ds2Io3ricmydVI_En02rNQATK9yPs_TnqwfzbWQk","method":"POST"} []
[2024-11-24 18:49:36] security.DEBUG: Read existing security token from the session. {"key":"_security_main","token_class":"Symfony\\Component\\Security\\Core\\Authentication\\Token\\UsernamePasswordToken"} []
[2024-11-24 18:49:36] security.DEBUG: User was reloaded from a user provider. {"provider":"PrestaShopBundle\\Security\\Admin\\EmployeeProvider","username":"admin@prestashop.com"} []
[2024-11-24 18:49:36] app.ERROR: No result was found for query although at least one row was expected. {"object_type":"Translation"} []
[2024-11-24 18:49:36] app.ERROR: No result was found for query although at least one row was expected. {"object_type":"Translation"} []
[2024-11-24 18:49:36] app.ERROR: No result was found for query although at least one row was expected. {"object_type":"Translation"} []
[2024-11-24 18:49:36] app.ERROR: No result was found for query although at least one row was expected. {"object_type":"Translation"} []
[2024-11-24 18:49:37] cache.WARNING: Failed to clear the cache {"exception":"[object] (UnexpectedValueException(code: 0): RecursiveDirectoryIterator::__construct(/var/www/html/var/cache/prod/pools/oF4uGKF1Zr/): failed to open dir: No such file or directory at /var/www/html/vendor/symfony/symfony/src/Symfony/Component/Cache/Traits/FilesystemCommonTrait.php:58)"} []
[2024-11-24 18:49:37] cache.WARNING: Failed to clear the cache {"exception":"[object] (UnexpectedValueException(code: 0): RecursiveDirectoryIterator::__construct(/var/www/html/var/cache/prod/pools/k0V7XpDK96/): failed to open dir: No such file or directory at /var/www/html/vendor/symfony/symfony/src/Symfony/Component/Cache/Traits/FilesystemCommonTrait.php:58)"} []
[2024-11-24 18:49:37] cache.WARNING: Failed to clear the cache {"exception":"[object] (UnexpectedValueException(code: 0): RecursiveDirectoryIterator::__construct(/var/www/html/var/cache/prod/pools/+si9XZUmcI/): failed to open dir: No such file or directory at /var/www/html/vendor/symfony/symfony/src/Symfony/Component/Cache/Traits/FilesystemCommonTrait.php:58)"} []
[2024-11-24 18:49:37] cache.WARNING: Failed to clear the cache {"exception":"[object] (UnexpectedValueException(code: 0): RecursiveDirectoryIterator::__construct(/var/www/html/var/cache/prod/pools/o2NSV3WKIW/): failed to open dir: No such file or directory at /var/www/html/vendor/symfony/symfony/src/Symfony/Component/Cache/Traits/FilesystemCommonTrait.php:58)"} []
[2024-11-24 18:49:37] security.DEBUG: Stored the security token in the session. {"key":"_security_main"} []
[2024-11-24 19:27:37] request.INFO: Matched route "admin_module_manage_action". {"route":"admin_module_manage_action","route_parameters":{"_controller":"PrestaShopBundle\\Controller\\Admin\\Improve\\ModuleController::moduleAction","action":"install","module_name":"stripe_official","_route":"admin_module_manage_action"},"request_uri":"http://localhost:8080/admin123/index.php/improve/modules/manage/action/install/stripe_official?_token=ZI0ds2Io3ricmydVI_En02rNQATK9yPs_TnqwfzbWQk&module_id=24922","method":"POST"} []
[2024-11-24 19:27:37] security.DEBUG: Read existing security token from the session. {"key":"_security_main","token_class":"Symfony\\Component\\Security\\Core\\Authentication\\Token\\UsernamePasswordToken"} []
[2024-11-24 19:27:37] security.DEBUG: User was reloaded from a user provider. {"provider":"PrestaShopBundle\\Security\\Admin\\EmployeeProvider","username":"admin@prestashop.com"} []
[2024-11-24 19:27:37] app.ERROR: Exception thrown by module stripe_official on install. The module stripe_official could not be found on Addons. {"object_type":"Module","object_id":0} []
[2024-11-24 19:27:37] security.DEBUG: Stored the security token in the session. {"key":"_security_main"} []
[2024-11-24 19:27:42] request.INFO: Matched route "admin_module_manage_action". {"route":"admin_module_manage_action","route_parameters":{"_controller":"PrestaShopBundle\\Controller\\Admin\\Improve\\ModuleController::moduleAction","action":"install","module_name":"stripe_official","_route":"admin_module_manage_action"},"request_uri":"http://localhost:8080/admin123/index.php/improve/modules/manage/action/install/stripe_official?_token=ZI0ds2Io3ricmydVI_En02rNQATK9yPs_TnqwfzbWQk&module_id=24922","method":"POST"} []
[2024-11-24 19:27:42] security.DEBUG: Read existing security token from the session. {"key":"_security_main","token_class":"Symfony\\Component\\Security\\Core\\Authentication\\Token\\UsernamePasswordToken"} []
[2024-11-24 19:27:42] security.DEBUG: User was reloaded from a user provider. {"provider":"PrestaShopBundle\\Security\\Admin\\EmployeeProvider","username":"admin@prestashop.com"} []
[2024-11-24 19:27:42] app.ERROR: Exception thrown by module stripe_official on install. The module stripe_official could not be found on Addons. {"object_type":"Module","object_id":0} []
[2024-11-24 19:27:42] security.DEBUG: Stored the security token in the session. {"key":"_security_main"} []
[2024-11-24 19:28:35] request.INFO: Matched route "admin_module_manage_action". {"route":"admin_module_manage_action","route_parameters":{"_controller":"PrestaShopBundle\\Controller\\Admin\\Improve\\ModuleController::moduleAction","action":"install","module_name":"stripe_official","_route":"admin_module_manage_action"},"request_uri":"http://localhost:8080/admin123/index.php/improve/modules/manage/action/install/stripe_official?_token=ZI0ds2Io3ricmydVI_En02rNQATK9yPs_TnqwfzbWQk&module_id=24922","method":"POST"} []
[2024-11-24 19:28:35] security.DEBUG: Read existing security token from the session. {"key":"_security_main","token_class":"Symfony\\Component\\Security\\Core\\Authentication\\Token\\UsernamePasswordToken"} []
[2024-11-24 19:28:35] security.DEBUG: User was reloaded from a user provider. {"provider":"PrestaShopBundle\\Security\\Admin\\EmployeeProvider","username":"admin@prestashop.com"} []
[2024-11-24 19:28:35] app.ERROR: Exception thrown by module stripe_official on install. The module stripe_official could not be found on Addons. {"object_type":"Module","object_id":0} []
[2024-11-24 19:28:35] security.DEBUG: Stored the security token in the session. {"key":"_security_main"} []
[2024-11-24 19:28:41] request.INFO: Matched route "admin_module_manage_action". {"route":"admin_module_manage_action","route_parameters":{"_controller":"PrestaShopBundle\\Controller\\Admin\\Improve\\ModuleController::moduleAction","action":"install","module_name":"stripe_official","_route":"admin_module_manage_action"},"request_uri":"http://localhost:8080/admin123/index.php/improve/modules/manage/action/install/stripe_official?_token=ZI0ds2Io3ricmydVI_En02rNQATK9yPs_TnqwfzbWQk&module_id=24922","method":"POST"} []
[2024-11-24 19:28:41] security.DEBUG: Read existing security token from the session. {"key":"_security_main","token_class":"Symfony\\Component\\Security\\Core\\Authentication\\Token\\UsernamePasswordToken"} []
[2024-11-24 19:28:41] security.DEBUG: User was reloaded from a user provider. {"provider":"PrestaShopBundle\\Security\\Admin\\EmployeeProvider","username":"admin@prestashop.com"} []
[2024-11-24 19:28:41] app.ERROR: Exception thrown by module stripe_official on install. The module stripe_official could not be found on Addons. {"object_type":"Module","object_id":0} []
[2024-11-24 19:28:41] security.DEBUG: Stored the security token in the session. {"key":"_security_main"} []
[2024-11-24 19:32:00] request.INFO: Matched route "admin_module_manage_action". {"route":"admin_module_manage_action","route_parameters":{"_controller":"PrestaShopBundle\\Controller\\Admin\\Improve\\ModuleController::moduleAction","action":"install","module_name":"revolutpayment","_route":"admin_module_manage_action"},"request_uri":"http://localhost:8080/admin123/index.php/improve/modules/manage/action/install/revolutpayment?_token=ZI0ds2Io3ricmydVI_En02rNQATK9yPs_TnqwfzbWQk&module_id=50148","method":"POST"} []
[2024-11-24 19:32:00] security.DEBUG: Read existing security token from the session. {"key":"_security_main","token_class":"Symfony\\Component\\Security\\Core\\Authentication\\Token\\UsernamePasswordToken"} []
[2024-11-24 19:32:00] security.DEBUG: User was reloaded from a user provider. {"provider":"PrestaShopBundle\\Security\\Admin\\EmployeeProvider","username":"admin@prestashop.com"} []
[2024-11-24 19:32:00] app.ERROR: Exception thrown by module revolutpayment on install. The module revolutpayment could not be found on Addons. {"object_type":"Module","object_id":0} []
[2024-11-24 19:32:00] security.DEBUG: Stored the security token in the session. {"key":"_security_main"} []
[2024-11-24 19:34:13] request.INFO: Matched route "api_translation_value_reset". {"route":"api_translation_value_reset","route_parameters":{"_controller":"prestashop.core.api.translation.controller:translationResetAction","_legacy_controller":"AdminTranslations","_route":"api_translation_value_reset"},"request_uri":"http://localhost:8080/admin123/index.php/api/translations/reset?_token=ZI0ds2Io3ricmydVI_En02rNQATK9yPs_TnqwfzbWQk","method":"POST"} []
[2024-11-24 19:34:13] security.DEBUG: Read existing security token from the session. {"key":"_security_main","token_class":"Symfony\\Component\\Security\\Core\\Authentication\\Token\\UsernamePasswordToken"} []
[2024-11-24 19:34:13] security.DEBUG: User was reloaded from a user provider. {"provider":"PrestaShopBundle\\Security\\Admin\\EmployeeProvider","username":"admin@prestashop.com"} []
[2024-11-24 19:34:13] app.ERROR: EntityManager#remove() expects parameter 1 to be an entity object, NULL given. [] []
[2024-11-24 19:34:13] cache.WARNING: Failed to clear the cache {"exception":"[object] (UnexpectedValueException(code: 0): RecursiveDirectoryIterator::__construct(/var/www/html/var/cache/prod/pools/oF4uGKF1Zr/): failed to open dir: No such file or directory at /var/www/html/vendor/symfony/symfony/src/Symfony/Component/Cache/Traits/FilesystemCommonTrait.php:58)"} []
[2024-11-24 19:34:13] cache.WARNING: Failed to clear the cache {"exception":"[object] (UnexpectedValueException(code: 0): RecursiveDirectoryIterator::__construct(/var/www/html/var/cache/prod/pools/k0V7XpDK96/): failed to open dir: No such file or directory at /var/www/html/vendor/symfony/symfony/src/Symfony/Component/Cache/Traits/FilesystemCommonTrait.php:58)"} []
[2024-11-24 19:34:13] cache.WARNING: Failed to clear the cache {"exception":"[object] (UnexpectedValueException(code: 0): RecursiveDirectoryIterator::__construct(/var/www/html/var/cache/prod/pools/+si9XZUmcI/): failed to open dir: No such file or directory at /var/www/html/vendor/symfony/symfony/src/Symfony/Component/Cache/Traits/FilesystemCommonTrait.php:58)"} []
[2024-11-24 19:34:13] cache.WARNING: Failed to clear the cache {"exception":"[object] (UnexpectedValueException(code: 0): RecursiveDirectoryIterator::__construct(/var/www/html/var/cache/prod/pools/o2NSV3WKIW/): failed to open dir: No such file or directory at /var/www/html/vendor/symfony/symfony/src/Symfony/Component/Cache/Traits/FilesystemCommonTrait.php:58)"} []
[2024-11-24 19:34:13] security.DEBUG: Stored the security token in the session. {"key":"_security_main"} []
[2024-11-24 19:34:17] request.INFO: Matched route "api_translation_value_edit". {"route":"api_translation_value_edit","route_parameters":{"_controller":"prestashop.core.api.translation.controller:translationEditAction","_legacy_controller":"AdminTranslations","_route":"api_translation_value_edit"},"request_uri":"http://localhost:8080/admin123/index.php/api/translations/edit?_token=ZI0ds2Io3ricmydVI_En02rNQATK9yPs_TnqwfzbWQk","method":"POST"} []
[2024-11-24 19:34:17] security.DEBUG: Read existing security token from the session. {"key":"_security_main","token_class":"Symfony\\Component\\Security\\Core\\Authentication\\Token\\UsernamePasswordToken"} []
[2024-11-24 19:34:17] security.DEBUG: User was reloaded from a user provider. {"provider":"PrestaShopBundle\\Security\\Admin\\EmployeeProvider","username":"admin@prestashop.com"} []
[2024-11-24 19:34:18] app.ERROR: No result was found for query although at least one row was expected. {"object_type":"Translation"} []
[2024-11-24 19:34:18] cache.WARNING: Failed to clear the cache {"exception":"[object] (UnexpectedValueException(code: 0): RecursiveDirectoryIterator::__construct(/var/www/html/var/cache/prod/pools/oF4uGKF1Zr/): failed to open dir: No such file or directory at /var/www/html/vendor/symfony/symfony/src/Symfony/Component/Cache/Traits/FilesystemCommonTrait.php:58)"} []
[2024-11-24 19:34:18] cache.WARNING: Failed to clear the cache {"exception":"[object] (UnexpectedValueException(code: 0): RecursiveDirectoryIterator::__construct(/var/www/html/var/cache/prod/pools/k0V7XpDK96/): failed to open dir: No such file or directory at /var/www/html/vendor/symfony/symfony/src/Symfony/Component/Cache/Traits/FilesystemCommonTrait.php:58)"} []
[2024-11-24 19:34:18] cache.WARNING: Failed to clear the cache {"exception":"[object] (UnexpectedValueException(code: 0): RecursiveDirectoryIterator::__construct(/var/www/html/var/cache/prod/pools/+si9XZUmcI/): failed to open dir: No such file or directory at /var/www/html/vendor/symfony/symfony/src/Symfony/Component/Cache/Traits/FilesystemCommonTrait.php:58)"} []
[2024-11-24 19:34:18] cache.WARNING: Failed to clear the cache {"exception":"[object] (UnexpectedValueException(code: 0): RecursiveDirectoryIterator::__construct(/var/www/html/var/cache/prod/pools/o2NSV3WKIW/): failed to open dir: No such file or directory at /var/www/html/vendor/symfony/symfony/src/Symfony/Component/Cache/Traits/FilesystemCommonTrait.php:58)"} []
[2024-11-24 19:34:18] security.DEBUG: Stored the security token in the session. {"key":"_security_main"} []
[2024-11-24 19:36:09] request.INFO: Matched route "api_translation_value_reset". {"route":"api_translation_value_reset","route_parameters":{"_controller":"prestashop.core.api.translation.controller:translationResetAction","_legacy_controller":"AdminTranslations","_route":"api_translation_value_reset"},"request_uri":"http://localhost:8080/admin123/index.php/api/translations/reset?_token=ZI0ds2Io3ricmydVI_En02rNQATK9yPs_TnqwfzbWQk","method":"POST"} []
[2024-11-24 19:36:09] security.DEBUG: Read existing security token from the session. {"key":"_security_main","token_class":"Symfony\\Component\\Security\\Core\\Authentication\\Token\\UsernamePasswordToken"} []
[2024-11-24 19:36:09] security.DEBUG: User was reloaded from a user provider. {"provider":"PrestaShopBundle\\Security\\Admin\\EmployeeProvider","username":"admin@prestashop.com"} []
[2024-11-24 19:36:09] app.ERROR: EntityManager#remove() expects parameter 1 to be an entity object, NULL given. [] []
[2024-11-24 19:36:09] cache.WARNING: Failed to clear the cache {"exception":"[object] (UnexpectedValueException(code: 0): RecursiveDirectoryIterator::__construct(/var/www/html/var/cache/prod/pools/oF4uGKF1Zr/): failed to open dir: No such file or directory at /var/www/html/vendor/symfony/symfony/src/Symfony/Component/Cache/Traits/FilesystemCommonTrait.php:58)"} []
[2024-11-24 19:36:09] cache.WARNING: Failed to clear the cache {"exception":"[object] (UnexpectedValueException(code: 0): RecursiveDirectoryIterator::__construct(/var/www/html/var/cache/prod/pools/k0V7XpDK96/): failed to open dir: No such file or directory at /var/www/html/vendor/symfony/symfony/src/Symfony/Component/Cache/Traits/FilesystemCommonTrait.php:58)"} []
[2024-11-24 19:36:09] cache.WARNING: Failed to clear the cache {"exception":"[object] (UnexpectedValueException(code: 0): RecursiveDirectoryIterator::__construct(/var/www/html/var/cache/prod/pools/+si9XZUmcI/): failed to open dir: No such file or directory at /var/www/html/vendor/symfony/symfony/src/Symfony/Component/Cache/Traits/FilesystemCommonTrait.php:58)"} []
[2024-11-24 19:36:09] cache.WARNING: Failed to clear the cache {"exception":"[object] (UnexpectedValueException(code: 0): RecursiveDirectoryIterator::__construct(/var/www/html/var/cache/prod/pools/o2NSV3WKIW/): failed to open dir: No such file or directory at /var/www/html/vendor/symfony/symfony/src/Symfony/Component/Cache/Traits/FilesystemCommonTrait.php:58)"} []
[2024-11-24 19:36:09] security.DEBUG: Stored the security token in the session. {"key":"_security_main"} []
[2024-11-24 19:36:15] request.INFO: Matched route "api_translation_value_edit". {"route":"api_translation_value_edit","route_parameters":{"_controller":"prestashop.core.api.translation.controller:translationEditAction","_legacy_controller":"AdminTranslations","_route":"api_translation_value_edit"},"request_uri":"http://localhost:8080/admin123/index.php/api/translations/edit?_token=ZI0ds2Io3ricmydVI_En02rNQATK9yPs_TnqwfzbWQk","method":"POST"} []
[2024-11-24 19:36:15] security.DEBUG: Read existing security token from the session. {"key":"_security_main","token_class":"Symfony\\Component\\Security\\Core\\Authentication\\Token\\UsernamePasswordToken"} []
[2024-11-24 19:36:15] security.DEBUG: User was reloaded from a user provider. {"provider":"PrestaShopBundle\\Security\\Admin\\EmployeeProvider","username":"admin@prestashop.com"} []
[2024-11-24 19:36:15] app.ERROR: No result was found for query although at least one row was expected. {"object_type":"Translation"} []
[2024-11-24 19:36:15] cache.WARNING: Failed to clear the cache {"exception":"[object] (UnexpectedValueException(code: 0): RecursiveDirectoryIterator::__construct(/var/www/html/var/cache/prod/pools/oF4uGKF1Zr/): failed to open dir: No such file or directory at /var/www/html/vendor/symfony/symfony/src/Symfony/Component/Cache/Traits/FilesystemCommonTrait.php:58)"} []
[2024-11-24 19:36:15] cache.WARNING: Failed to clear the cache {"exception":"[object] (UnexpectedValueException(code: 0): RecursiveDirectoryIterator::__construct(/var/www/html/var/cache/prod/pools/k0V7XpDK96/): failed to open dir: No such file or directory at /var/www/html/vendor/symfony/symfony/src/Symfony/Component/Cache/Traits/FilesystemCommonTrait.php:58)"} []
[2024-11-24 19:36:15] cache.WARNING: Failed to clear the cache {"exception":"[object] (UnexpectedValueException(code: 0): RecursiveDirectoryIterator::__construct(/var/www/html/var/cache/prod/pools/+si9XZUmcI/): failed to open dir: No such file or directory at /var/www/html/vendor/symfony/symfony/src/Symfony/Component/Cache/Traits/FilesystemCommonTrait.php:58)"} []
[2024-11-24 19:36:15] cache.WARNING: Failed to clear the cache {"exception":"[object] (UnexpectedValueException(code: 0): RecursiveDirectoryIterator::__construct(/var/www/html/var/cache/prod/pools/o2NSV3WKIW/): failed to open dir: No such file or directory at /var/www/html/vendor/symfony/symfony/src/Symfony/Component/Cache/Traits/FilesystemCommonTrait.php:58)"} []
[2024-11-24 19:36:15] security.DEBUG: Stored the security token in the session. {"key":"_security_main"} []
[2024-11-24 19:40:16] request.INFO: Matched route "api_translation_value_edit". {"route":"api_translation_value_edit","route_parameters":{"_controller":"prestashop.core.api.translation.controller:translationEditAction","_legacy_controller":"AdminTranslations","_route":"api_translation_value_edit"},"request_uri":"http://localhost:8080/admin123/index.php/api/translations/edit?_token=ZI0ds2Io3ricmydVI_En02rNQATK9yPs_TnqwfzbWQk","method":"POST"} []
[2024-11-24 19:40:16] security.DEBUG: Read existing security token from the session. {"key":"_security_main","token_class":"Symfony\\Component\\Security\\Core\\Authentication\\Token\\UsernamePasswordToken"} []
[2024-11-24 19:40:16] security.DEBUG: User was reloaded from a user provider. {"provider":"PrestaShopBundle\\Security\\Admin\\EmployeeProvider","username":"admin@prestashop.com"} []
[2024-11-24 19:40:16] app.ERROR: No result was found for query although at least one row was expected. {"object_type":"Translation"} []
[2024-11-24 19:40:16] cache.WARNING: Failed to clear the cache {"exception":"[object] (UnexpectedValueException(code: 0): RecursiveDirectoryIterator::__construct(/var/www/html/var/cache/prod/pools/oF4uGKF1Zr/): failed to open dir: No such file or directory at /var/www/html/vendor/symfony/symfony/src/Symfony/Component/Cache/Traits/FilesystemCommonTrait.php:58)"} []
[2024-11-24 19:40:16] cache.WARNING: Failed to clear the cache {"exception":"[object] (UnexpectedValueException(code: 0): RecursiveDirectoryIterator::__construct(/var/www/html/var/cache/prod/pools/k0V7XpDK96/): failed to open dir: No such file or directory at /var/www/html/vendor/symfony/symfony/src/Symfony/Component/Cache/Traits/FilesystemCommonTrait.php:58)"} []
[2024-11-24 19:40:16] cache.WARNING: Failed to clear the cache {"exception":"[object] (UnexpectedValueException(code: 0): RecursiveDirectoryIterator::__construct(/var/www/html/var/cache/prod/pools/+si9XZUmcI/): failed to open dir: No such file or directory at /var/www/html/vendor/symfony/symfony/src/Symfony/Component/Cache/Traits/FilesystemCommonTrait.php:58)"} []
[2024-11-24 19:40:16] cache.WARNING: Failed to clear the cache {"exception":"[object] (UnexpectedValueException(code: 0): RecursiveDirectoryIterator::__construct(/var/www/html/var/cache/prod/pools/o2NSV3WKIW/): failed to open dir: No such file or directory at /var/www/html/vendor/symfony/symfony/src/Symfony/Component/Cache/Traits/FilesystemCommonTrait.php:58)"} []
[2024-11-24 19:40:16] security.DEBUG: Stored the security token in the session. {"key":"_security_main"} []
[2024-11-24 20:24:35] request.INFO: Matched route "api_translation_value_edit". {"route":"api_translation_value_edit","route_parameters":{"_controller":"prestashop.core.api.translation.controller:translationEditAction","_legacy_controller":"AdminTranslations","_route":"api_translation_value_edit"},"request_uri":"http://localhost:8080/admin123/index.php/api/translations/edit?_token=ZI0ds2Io3ricmydVI_En02rNQATK9yPs_TnqwfzbWQk","method":"POST"} []
[2024-11-24 20:24:35] security.DEBUG: Read existing security token from the session. {"key":"_security_main","token_class":"Symfony\\Component\\Security\\Core\\Authentication\\Token\\UsernamePasswordToken"} []
[2024-11-24 20:24:35] security.DEBUG: User was reloaded from a user provider. {"provider":"PrestaShopBundle\\Security\\Admin\\EmployeeProvider","username":"admin@prestashop.com"} []
[2024-11-24 20:24:35] app.ERROR: No result was found for query although at least one row was expected. {"object_type":"Translation"} []
[2024-11-24 20:24:35] app.ERROR: No result was found for query although at least one row was expected. {"object_type":"Translation"} []
[2024-11-24 20:24:35] cache.WARNING: Failed to clear the cache {"exception":"[object] (UnexpectedValueException(code: 0): RecursiveDirectoryIterator::__construct(/var/www/html/var/cache/prod/pools/oF4uGKF1Zr/): failed to open dir: No such file or directory at /var/www/html/vendor/symfony/symfony/src/Symfony/Component/Cache/Traits/FilesystemCommonTrait.php:58)"} []
[2024-11-24 20:24:35] cache.WARNING: Failed to clear the cache {"exception":"[object] (UnexpectedValueException(code: 0): RecursiveDirectoryIterator::__construct(/var/www/html/var/cache/prod/pools/k0V7XpDK96/): failed to open dir: No such file or directory at /var/www/html/vendor/symfony/symfony/src/Symfony/Component/Cache/Traits/FilesystemCommonTrait.php:58)"} []
[2024-11-24 20:24:35] cache.WARNING: Failed to clear the cache {"exception":"[object] (UnexpectedValueException(code: 0): RecursiveDirectoryIterator::__construct(/var/www/html/var/cache/prod/pools/+si9XZUmcI/): failed to open dir: No such file or directory at /var/www/html/vendor/symfony/symfony/src/Symfony/Component/Cache/Traits/FilesystemCommonTrait.php:58)"} []
[2024-11-24 20:24:35] cache.WARNING: Failed to clear the cache {"exception":"[object] (UnexpectedValueException(code: 0): RecursiveDirectoryIterator::__construct(/var/www/html/var/cache/prod/pools/o2NSV3WKIW/): failed to open dir: No such file or directory at /var/www/html/vendor/symfony/symfony/src/Symfony/Component/Cache/Traits/FilesystemCommonTrait.php:58)"} []
[2024-11-24 20:24:35] security.DEBUG: Stored the security token in the session. {"key":"_security_main"} []
